mode: set
github.com/salimon-dev/gomsg/action-validator.go:3.79,4.22 1 1
github.com/salimon-dev/gomsg/action-validator.go:5.24,6.48 1 1
github.com/salimon-dev/gomsg/action-validator.go:7.24,8.48 1 1
github.com/salimon-dev/gomsg/action-validator.go:9.27,10.51 1 1
github.com/salimon-dev/gomsg/action-validator.go:11.10,12.13 1 1
github.com/salimon-dev/gomsg/action-validator.go:16.77,19.41 3 1
github.com/salimon-dev/gomsg/action-validator.go:19.41,26.3 2 1
github.com/salimon-dev/gomsg/action-validator.go:27.2,27.40 1 1
github.com/salimon-dev/gomsg/action-validator.go:29.80,32.41 3 1
github.com/salimon-dev/gomsg/action-validator.go:32.41,39.3 2 1
github.com/salimon-dev/gomsg/action-validator.go:40.2,40.40 1 1
github.com/salimon-dev/gomsg/action-validator.go:42.77,45.41 3 1
github.com/salimon-dev/gomsg/action-validator.go:45.41,52.3 2 1
github.com/salimon-dev/gomsg/action-validator.go:53.2,53.43 1 1
github.com/salimon-dev/gomsg/action-validator.go:53.43,60.3 2 1
github.com/salimon-dev/gomsg/action-validator.go:61.2,61.40 1 1
github.com/salimon-dev/gomsg/actions.go:3.76,4.36 1 1
github.com/salimon-dev/gomsg/actions.go:4.36,5.37 1 1
github.com/salimon-dev/gomsg/actions.go:5.37,6.12 1 1
github.com/salimon-dev/gomsg/actions.go:8.3,8.59 1 1
github.com/salimon-dev/gomsg/actions.go:8.59,10.4 1 1
github.com/salimon-dev/gomsg/actions.go:12.2,12.12 1 1
github.com/salimon-dev/gomsg/actions.go:15.78,17.2 1 1
github.com/salimon-dev/gomsg/actions.go:19.70,22.36 3 1
github.com/salimon-dev/gomsg/actions.go:22.36,23.23 1 1
github.com/salimon-dev/gomsg/actions.go:24.64,25.44 1 1
github.com/salimon-dev/gomsg/actions.go:25.44,26.13 1 1
github.com/salimon-dev/gomsg/actions.go:28.4,30.9 3 1
github.com/salimon-dev/gomsg/actions.go:31.11,32.9 1 1
github.com/salimon-dev/gomsg/actions.go:35.2,37.15 3 1
github.com/salimon-dev/gomsg/errors.go:9.42,9.62 1 1
github.com/salimon-dev/gomsg/errors.go:11.72,12.17 1 1
github.com/salimon-dev/gomsg/errors.go:12.17,14.3 1 1
github.com/salimon-dev/gomsg/errors.go:15.2,15.15 1 1
github.com/salimon-dev/gomsg/errors.go:15.15,17.3 1 1
github.com/salimon-dev/gomsg/errors.go:18.2,20.22 3 1
github.com/salimon-dev/gomsg/prase.go:8.83,11.16 3 1
github.com/salimon-dev/gomsg/prase.go:11.16,19.3 3 1
github.com/salimon-dev/gomsg/prase.go:21.2,22.22 2 1
github.com/salimon-dev/gomsg/prase.go:22.22,24.3 1 1
github.com/salimon-dev/gomsg/prase.go:26.2,29.38 3 1
github.com/salimon-dev/gomsg/prase.go:29.38,31.25 2 1
github.com/salimon-dev/gomsg/prase.go:31.25,32.12 1 1
github.com/salimon-dev/gomsg/prase.go:34.3,35.33 2 1
github.com/salimon-dev/gomsg/prase.go:38.2,38.58 1 1
github.com/salimon-dev/gomsg/prase.go:42.64,43.25 1 1
github.com/salimon-dev/gomsg/prase.go:43.25,49.3 1 1
github.com/salimon-dev/gomsg/prase.go:50.2,50.28 1 1
github.com/salimon-dev/gomsg/prase.go:50.28,56.3 1 1
github.com/salimon-dev/gomsg/prase.go:57.2,57.12 1 1
github.com/salimon-dev/gomsg/prase.go:60.70,64.24 3 1
github.com/salimon-dev/gomsg/prase.go:64.24,71.3 2 1
github.com/salimon-dev/gomsg/prase.go:73.2,73.24 1 1
github.com/salimon-dev/gomsg/prase.go:73.24,82.3 4 1
github.com/salimon-dev/gomsg/prase.go:84.2,84.29 1 1
github.com/salimon-dev/gomsg/prase.go:84.29,86.25 2 1
github.com/salimon-dev/gomsg/prase.go:86.25,88.4 1 1
github.com/salimon-dev/gomsg/prase.go:89.3,90.32 2 1
github.com/salimon-dev/gomsg/prase.go:91.8,91.43 1 1
github.com/salimon-dev/gomsg/prase.go:91.43,93.25 2 1
github.com/salimon-dev/gomsg/prase.go:93.25,95.4 1 1
github.com/salimon-dev/gomsg/prase.go:96.3,97.32 2 1
github.com/salimon-dev/gomsg/prase.go:98.8,100.25 2 1
github.com/salimon-dev/gomsg/prase.go:100.25,102.4 1 1
github.com/salimon-dev/gomsg/prase.go:103.3,104.32 2 1
github.com/salimon-dev/gomsg/prase.go:107.2,108.21 2 1
github.com/salimon-dev/gomsg/prase.go:111.75,113.48 2 1
github.com/salimon-dev/gomsg/prase.go:113.48,120.3 2 1
github.com/salimon-dev/gomsg/prase.go:121.2,121.12 1 1
github.com/salimon-dev/gomsg/prase.go:125.76,128.25 3 1
github.com/salimon-dev/gomsg/prase.go:128.25,135.3 2 1
github.com/salimon-dev/gomsg/prase.go:135.8,136.34 1 1
github.com/salimon-dev/gomsg/prase.go:136.34,143.4 2 1
github.com/salimon-dev/gomsg/prase.go:145.2,145.31 1 1
github.com/salimon-dev/gomsg/prase.go:145.31,152.3 2 1
github.com/salimon-dev/gomsg/prase.go:152.8,154.24 2 1
github.com/salimon-dev/gomsg/prase.go:154.24,157.4 2 1
github.com/salimon-dev/gomsg/prase.go:160.2,161.21 2 1
github.com/salimon-dev/gomsg/prase.go:164.82,167.25 3 1
github.com/salimon-dev/gomsg/prase.go:167.25,174.3 2 1
github.com/salimon-dev/gomsg/prase.go:174.8,175.34 1 1
github.com/salimon-dev/gomsg/prase.go:175.34,182.4 2 1
github.com/salimon-dev/gomsg/prase.go:184.2,184.27 1 1
github.com/salimon-dev/gomsg/prase.go:184.27,191.3 2 1
github.com/salimon-dev/gomsg/prase.go:191.8,192.34 1 1
github.com/salimon-dev/gomsg/prase.go:192.34,199.4 2 1
github.com/salimon-dev/gomsg/prase.go:200.3,200.35 1 1
github.com/salimon-dev/gomsg/prase.go:200.35,207.4 2 1
github.com/salimon-dev/gomsg/prase.go:209.2,210.21 2 1
