mode: set
github.com/salimon-dev/gomsg/errors.go:9.42,9.62 1 1
github.com/salimon-dev/gomsg/errors.go:11.72,12.17 1 1
github.com/salimon-dev/gomsg/errors.go:12.17,14.3 1 1
github.com/salimon-dev/gomsg/errors.go:15.2,15.15 1 1
github.com/salimon-dev/gomsg/errors.go:15.15,17.3 1 1
github.com/salimon-dev/gomsg/errors.go:18.2,20.22 3 1
github.com/salimon-dev/gomsg/prase.go:8.83,11.16 3 1
github.com/salimon-dev/gomsg/prase.go:11.16,19.3 3 1
github.com/salimon-dev/gomsg/prase.go:21.2,22.22 2 1
github.com/salimon-dev/gomsg/prase.go:22.22,24.3 1 1
github.com/salimon-dev/gomsg/prase.go:26.2,29.38 3 1
github.com/salimon-dev/gomsg/prase.go:29.38,31.25 2 1
github.com/salimon-dev/gomsg/prase.go:31.25,32.12 1 1
github.com/salimon-dev/gomsg/prase.go:34.3,35.33 2 1
github.com/salimon-dev/gomsg/prase.go:38.2,38.58 1 1
github.com/salimon-dev/gomsg/prase.go:42.64,43.25 1 1
github.com/salimon-dev/gomsg/prase.go:43.25,49.3 1 1
github.com/salimon-dev/gomsg/prase.go:50.2,50.28 1 1
github.com/salimon-dev/gomsg/prase.go:50.28,56.3 1 1
github.com/salimon-dev/gomsg/prase.go:57.2,57.12 1 1
github.com/salimon-dev/gomsg/prase.go:60.70,64.24 3 1
github.com/salimon-dev/gomsg/prase.go:64.24,71.3 2 1
github.com/salimon-dev/gomsg/prase.go:73.2,73.24 1 1
github.com/salimon-dev/gomsg/prase.go:73.24,82.3 4 1
github.com/salimon-dev/gomsg/prase.go:84.2,84.29 1 1
github.com/salimon-dev/gomsg/prase.go:84.29,86.25 2 1
github.com/salimon-dev/gomsg/prase.go:86.25,88.4 1 1
github.com/salimon-dev/gomsg/prase.go:89.3,90.32 2 1
github.com/salimon-dev/gomsg/prase.go:91.8,93.25 2 1
github.com/salimon-dev/gomsg/prase.go:93.25,95.4 1 1
github.com/salimon-dev/gomsg/prase.go:96.3,97.32 2 1
github.com/salimon-dev/gomsg/prase.go:100.2,101.21 2 1
github.com/salimon-dev/gomsg/prase.go:104.75,106.48 2 1
github.com/salimon-dev/gomsg/prase.go:106.48,113.3 2 1
github.com/salimon-dev/gomsg/prase.go:114.2,114.12 1 1
github.com/salimon-dev/gomsg/prase.go:118.76,121.25 3 1
github.com/salimon-dev/gomsg/prase.go:121.25,128.3 2 1
github.com/salimon-dev/gomsg/prase.go:128.8,129.34 1 1
github.com/salimon-dev/gomsg/prase.go:129.34,136.4 2 1
github.com/salimon-dev/gomsg/prase.go:138.2,138.31 1 1
github.com/salimon-dev/gomsg/prase.go:138.31,145.3 2 1
github.com/salimon-dev/gomsg/prase.go:146.2,147.21 2 1
